<?xml version="1.0" encoding="UTF-8"?>
<testng-results skipped="0" failed="0" ignored="0" total="1" passed="1">
  <reporter-output>
  </reporter-output>
  <suite name="Default suite" duration-ms="10877" started-at="2020-05-06T13:09:04 EDT" finished-at="2020-05-06T13:09:15 EDT">
    <groups>
    </groups>
    <test name="Default test" duration-ms="10877" started-at="2020-05-06T13:09:04 EDT" finished-at="2020-05-06T13:09:15 EDT">
      <class name="com.expedia.TestCases.SigninTest">
        <test-method status="PASS" signature="signinValidUser()[pri:0, instance:com.expedia.TestCases.SigninTest@ed9d034]" name="signinValidUser" duration-ms="10834" started-at="2020-05-06T13:09:04 EDT" finished-at="2020-05-06T13:09:15 EDT">
          <reporter-output>
          </reporter-output>
        </test-method> <!-- signinValidUser -->
      </class> <!-- com.expedia.TestCases.SigninTest -->
    </test> <!-- Default test -->
  </suite> <!-- Default suite -->
</testng-results>
