<?xml version="1.0" encoding="UTF-8"?>
<testng-results skipped="0" failed="1" ignored="0" total="1" passed="0">
  <reporter-output>
  </reporter-output>
  <suite name="Default suite" duration-ms="25488" started-at="2020-04-29T18:17:42 EDT" finished-at="2020-04-29T18:18:08 EDT">
    <groups>
    </groups>
    <test name="Default test" duration-ms="25488" started-at="2020-04-29T18:17:42 EDT" finished-at="2020-04-29T18:18:08 EDT">
      <class name="com.expedia.TestCases.SigninTest">
        <test-method status="FAIL" signature="Signin()[pri:0, instance:com.expedia.TestCases.SigninTest@4671e53b]" name="Signin" duration-ms="25413" started-at="2020-04-29T18:17:42 EDT" finished-at="2020-04-29T18:18:08 EDT">
          <exception class="org.openqa.selenium.ElementClickInterceptedException">
            <message>
              <![CDATA[element click intercepted: Element <button type="submit" class="btn-primary btn-action gss-col-12" id="gss-signin-submit" aria-label="Sign In">...</button> is not clickable at point (951, 586). Other element would receive the click: <div class="QSIWebResponsiveDialog-Layout1-SI_3DF36Tp5MPTeHl3_content QSIWebResponsiveDialog-Layout1-SI_3DF36Tp5MPTeHl3_content-compact QSIWebResponsiveDialog-Layout1-SI_3DF36Tp5MPTeHl3_border-radius-very-rounded QSIWebResponsiveDialog-Layout1-SI_3DF36Tp5MPTeHl3_drop-shadow-heavy" role="dialog" aria-modal="true" aria-labelledby="QSIWebResponsiveDialog-Layout1-SI_3DF36Tp5MPTeHl3-headline" aria-describedby="QSIWebResponsiveDialog-Layout1-SI_3DF36Tp5MPTeHl3-description" style="background-color: rgb(255, 255, 255); opacity: 1; transition: transform 1s ease 0s, opacity 0.5s ease 0s;">...</div>
  (Session info: chrome=81.0.4044.122)
Build info: version: '3.141.59', revision: 'e82be7d358', time: '2018-11-14T08:17:03'
System info: host: 'ZKAPADIA-LT', ip: '192.168.1.11', os.name: 'Windows 10', os.arch: 'amd64', os.version: '10.0', java.version: '1.8.0_191'
Driver info: org.openqa.selenium.chrome.ChromeDriver
Capabilities {acceptInsecureCerts: true, browserName: chrome, browserVersion: 81.0.4044.122, chrome: {chromedriverVersion: 81.0.4044.69 (6813546031a4b..., userDataDir: C:\Users\zkapadia\AppData\L...}, goog:chromeOptions: {debuggerAddress: localhost:59930}, javascriptEnabled: true, networkConnectionEnabled: false, pageLoadStrategy: normal, platform: WINDOWS, platformName: WINDOWS, proxy: Proxy(), setWindowRect: true, strictFileInteractability: false, timeouts: {implicit: 0, pageLoad: 300000, script: 30000}, unhandledPromptBehavior: dismiss and notify, webauthn:virtualAuthenticators: true}
Session ID: f3392af5562abc321b9af1b8a2db8987]]>
            </message>
            <full-stacktrace>
              <![CDATA[org.openqa.selenium.ElementClickInterceptedException: element click intercepted: Element <button type="submit" class="btn-primary btn-action gss-col-12" id="gss-signin-submit" aria-label="Sign In">...</button> is not clickable at point (951, 586). Other element would receive the click: <div class="QSIWebResponsiveDialog-Layout1-SI_3DF36Tp5MPTeHl3_content QSIWebResponsiveDialog-Layout1-SI_3DF36Tp5MPTeHl3_content-compact QSIWebResponsiveDialog-Layout1-SI_3DF36Tp5MPTeHl3_border-radius-very-rounded QSIWebResponsiveDialog-Layout1-SI_3DF36Tp5MPTeHl3_drop-shadow-heavy" role="dialog" aria-modal="true" aria-labelledby="QSIWebResponsiveDialog-Layout1-SI_3DF36Tp5MPTeHl3-headline" aria-describedby="QSIWebResponsiveDialog-Layout1-SI_3DF36Tp5MPTeHl3-description" style="background-color: rgb(255, 255, 255); opacity: 1; transition: transform 1s ease 0s, opacity 0.5s ease 0s;">...</div>
  (Session info: chrome=81.0.4044.122)
Build info: version: '3.141.59', revision: 'e82be7d358', time: '2018-11-14T08:17:03'
System info: host: 'ZKAPADIA-LT', ip: '192.168.1.11', os.name: 'Windows 10', os.arch: 'amd64', os.version: '10.0', java.version: '1.8.0_191'
Driver info: org.openqa.selenium.chrome.ChromeDriver
Capabilities {acceptInsecureCerts: true, browserName: chrome, browserVersion: 81.0.4044.122, chrome: {chromedriverVersion: 81.0.4044.69 (6813546031a4b..., userDataDir: C:\Users\zkapadia\AppData\L...}, goog:chromeOptions: {debuggerAddress: localhost:59930}, javascriptEnabled: true, networkConnectionEnabled: false, pageLoadStrategy: normal, platform: WINDOWS, platformName: WINDOWS, proxy: Proxy(), setWindowRect: true, strictFileInteractability: false, timeouts: {implicit: 0, pageLoad: 300000, script: 30000}, unhandledPromptBehavior: dismiss and notify, webauthn:virtualAuthenticators: true}
Session ID: f3392af5562abc321b9af1b8a2db8987
at sun.reflect.NativeConstructorAccessorImpl.newInstance0(Native Method)
at sun.reflect.NativeConstructorAccessorImpl.newInstance(NativeConstructorAccessorImpl.java:62)
at sun.reflect.DelegatingConstructorAccessorImpl.newInstance(DelegatingConstructorAccessorImpl.java:45)
at java.lang.reflect.Constructor.newInstance(Constructor.java:423)
at org.openqa.selenium.remote.http.W3CHttpResponseCodec.createException(W3CHttpResponseCodec.java:187)
at org.openqa.selenium.remote.http.W3CHttpResponseCodec.decode(W3CHttpResponseCodec.java:122)
at org.openqa.selenium.remote.http.W3CHttpResponseCodec.decode(W3CHttpResponseCodec.java:49)
at org.openqa.selenium.remote.HttpCommandExecutor.execute(HttpCommandExecutor.java:158)
at org.openqa.selenium.remote.service.DriverCommandExecutor.execute(DriverCommandExecutor.java:83)
at org.openqa.selenium.remote.RemoteWebDriver.execute(RemoteWebDriver.java:552)
at org.openqa.selenium.remote.RemoteWebElement.execute(RemoteWebElement.java:285)
at org.openqa.selenium.remote.RemoteWebElement.click(RemoteWebElement.java:84)
at sun.reflect.NativeMethodAccessorImpl.invoke0(Native Method)
at sun.reflect.NativeMethodAccessorImpl.invoke(NativeMethodAccessorImpl.java:62)
at sun.reflect.DelegatingMethodAccessorImpl.invoke(DelegatingMethodAccessorImpl.java:43)
at java.lang.reflect.Method.invoke(Method.java:498)
at org.openqa.selenium.support.pagefactory.internal.LocatingElementHandler.invoke(LocatingElementHandler.java:51)
at com.sun.proxy.$Proxy23.click(Unknown Source)
at com.expedia.PageObjects.HomePage.login(HomePage.java:29)
at com.expedia.TestCases.SigninTest.Signin(SigninTest.java:17)
at sun.reflect.NativeMethodAccessorImpl.invoke0(Native Method)
at sun.reflect.NativeMethodAccessorImpl.invoke(NativeMethodAccessorImpl.java:62)
at sun.reflect.DelegatingMethodAccessorImpl.invoke(DelegatingMethodAccessorImpl.java:43)
at java.lang.reflect.Method.invoke(Method.java:498)
at org.testng.internal.MethodInvocationHelper.invokeMethod(MethodInvocationHelper.java:134)
at org.testng.internal.TestInvoker.invokeMethod(TestInvoker.java:597)
at org.testng.internal.TestInvoker.invokeTestMethod(TestInvoker.java:173)
at org.testng.internal.MethodRunner.runInSequence(MethodRunner.java:46)
at org.testng.internal.TestInvoker$MethodInvocationAgent.invoke(TestInvoker.java:816)
at org.testng.internal.TestInvoker.invokeTestMethods(TestInvoker.java:146)
at org.testng.internal.TestMethodWorker.invokeTestMethods(TestMethodWorker.java:146)
at org.testng.internal.TestMethodWorker.run(TestMethodWorker.java:128)
at java.util.ArrayList.forEach(ArrayList.java:1257)
at org.testng.TestRunner.privateRun(TestRunner.java:766)
at org.testng.TestRunner.run(TestRunner.java:587)
at org.testng.SuiteRunner.runTest(SuiteRunner.java:384)
at org.testng.SuiteRunner.runSequentially(SuiteRunner.java:378)
at org.testng.SuiteRunner.privateRun(SuiteRunner.java:337)
at org.testng.SuiteRunner.run(SuiteRunner.java:286)
at org.testng.SuiteRunnerWorker.runSuite(SuiteRunnerWorker.java:53)
at org.testng.SuiteRunnerWorker.run(SuiteRunnerWorker.java:96)
at org.testng.TestNG.runSuitesSequentially(TestNG.java:1187)
at org.testng.TestNG.runSuitesLocally(TestNG.java:1109)
at org.testng.TestNG.runSuites(TestNG.java:1039)
at org.testng.TestNG.run(TestNG.java:1007)
at org.testng.remote.AbstractRemoteTestNG.run(AbstractRemoteTestNG.java:115)
at org.testng.remote.RemoteTestNG.initAndRun(RemoteTestNG.java:251)
at org.testng.remote.RemoteTestNG.main(RemoteTestNG.java:77)
]]>
            </full-stacktrace>
          </exception> <!-- org.openqa.selenium.ElementClickInterceptedException -->
          <reporter-output>
          </reporter-output>
        </test-method> <!-- Signin -->
      </class> <!-- com.expedia.TestCases.SigninTest -->
    </test> <!-- Default test -->
  </suite> <!-- Default suite -->
</testng-results>
