<?xml version="1.0" encoding="UTF-8"?>
<testng-results skipped="0" failed="0" ignored="0" total="1" passed="1">
  <reporter-output>
  </reporter-output>
  <suite name="Default suite" duration-ms="15285" started-at="2020-04-28T16:35:20 EDT" finished-at="2020-04-28T16:35:35 EDT">
    <groups>
    </groups>
    <test name="Default test" duration-ms="15285" started-at="2020-04-28T16:35:20 EDT" finished-at="2020-04-28T16:35:35 EDT">
      <class name="com.expedia.TestCases.DataTest">
        <test-method status="PASS" signature="ReadExcelData()[pri:0, instance:com.expedia.TestCases.DataTest@543c6f6d]" name="ReadExcelData" duration-ms="15247" started-at="2020-04-28T16:35:20 EDT" finished-at="2020-04-28T16:35:35 EDT">
          <reporter-output>
          </reporter-output>
        </test-method> <!-- ReadExcelData -->
      </class> <!-- com.expedia.TestCases.DataTest -->
    </test> <!-- Default test -->
  </suite> <!-- Default suite -->
</testng-results>
