<?xml version="1.0" encoding="UTF-8"?>
<testng-results skipped="0" failed="0" ignored="0" total="1" passed="1">
  <reporter-output>
  </reporter-output>
  <suite name="Default suite" duration-ms="17048" started-at="2020-04-28T18:11:17 EDT" finished-at="2020-04-28T18:11:34 EDT">
    <groups>
    </groups>
    <test name="Default test" duration-ms="17048" started-at="2020-04-28T18:11:17 EDT" finished-at="2020-04-28T18:11:34 EDT">
      <class name="com.expedia.TestCases.SignInTest">
        <test-method status="PASS" signature="Signin()[pri:0, instance:com.expedia.TestCases.SignInTest@ed9d034]" name="Signin" duration-ms="17009" started-at="2020-04-28T18:11:17 EDT" finished-at="2020-04-28T18:11:34 EDT">
          <reporter-output>
          </reporter-output>
        </test-method> <!-- Signin -->
      </class> <!-- com.expedia.TestCases.SignInTest -->
    </test> <!-- Default test -->
  </suite> <!-- Default suite -->
</testng-results>
