<?xml version="1.0" encoding="UTF-8"?>
<testng-results skipped="0" failed="0" ignored="0" total="1" passed="1">
  <reporter-output>
  </reporter-output>
  <suite name="Default suite" duration-ms="11687" started-at="2020-04-21T17:40:28 EDT" finished-at="2020-04-21T17:40:40 EDT">
    <groups>
    </groups>
    <test name="Default test" duration-ms="11687" started-at="2020-04-21T17:40:28 EDT" finished-at="2020-04-21T17:40:40 EDT">
      <class name="com.expedia.TestCases.DataTest">
        <test-method status="PASS" signature="ExcelData()[pri:0, instance:com.expedia.TestCases.DataTest@467aecef]" name="ExcelData" duration-ms="11639" started-at="2020-04-21T17:40:28 EDT" finished-at="2020-04-21T17:40:40 EDT">
          <reporter-output>
          </reporter-output>
        </test-method> <!-- ExcelData -->
      </class> <!-- com.expedia.TestCases.DataTest -->
    </test> <!-- Default test -->
  </suite> <!-- Default suite -->
</testng-results>
