<?xml version="1.0" encoding="UTF-8"?>
<testng-results skipped="0" failed="0" ignored="0" total="1" passed="1">
  <reporter-output>
  </reporter-output>
  <suite name="Default suite" duration-ms="56" started-at="2020-04-17T13:11:44 EDT" finished-at="2020-04-17T13:11:44 EDT">
    <groups>
    </groups>
    <test name="Default test" duration-ms="56" started-at="2020-04-17T13:11:44 EDT" finished-at="2020-04-17T13:11:44 EDT">
      <class name="com.expedia.TestCases.BookingFlightTest">
        <test-method status="PASS" signature="BookingFlight()[pri:0, instance:com.expedia.TestCases.BookingFlightTest@67205a84]" name="BookingFlight" duration-ms="10" started-at="2020-04-17T13:11:44 EDT" finished-at="2020-04-17T13:11:44 EDT">
          <reporter-output>
          </reporter-output>
        </test-method> <!-- BookingFlight -->
      </class> <!-- com.expedia.TestCases.BookingFlightTest -->
    </test> <!-- Default test -->
  </suite> <!-- Default suite -->
</testng-results>
