<?xml version="1.0" encoding="UTF-8"?>
<testng-results skipped="0" failed="0" ignored="0" total="1" passed="1">
  <reporter-output>
  </reporter-output>
  <suite name="Default suite" duration-ms="2391" started-at="2020-06-18T18:02:45 EDT" finished-at="2020-06-18T18:02:47 EDT">
    <groups>
    </groups>
    <test name="Default test" duration-ms="2391" started-at="2020-06-18T18:02:45 EDT" finished-at="2020-06-18T18:02:47 EDT">
      <class name="tests.LoginTest">
        <test-method status="PASS" signature="startupBrowser()[pri:0, instance:tests.LoginTest@51c668e3]" name="startupBrowser" is-config="true" duration-ms="8276" started-at="2020-06-18T18:02:37 EDT" finished-at="2020-06-18T18:02:45 EDT">
          <reporter-output>
          </reporter-output>
        </test-method> <!-- startupBrowser -->
        <test-method status="PASS" signature="setClassAndTestCaseNames(java.lang.reflect.Method)[pri:0, instance:tests.LoginTest@51c668e3]" name="setClassAndTestCaseNames" is-config="true" duration-ms="6" started-at="2020-06-18T18:02:45 EDT" finished-at="2020-06-18T18:02:45 EDT">
          <params>
            <param index="0">
              <value>
                <![CDATA[public void tests.LoginTest.loginValidUser()]]>
              </value>
            </param>
          </params>
          <reporter-output>
          </reporter-output>
        </test-method> <!-- setClassAndTestCaseNames -->
        <test-method status="PASS" signature="loginValidUser()[pri:0, instance:tests.LoginTest@51c668e3]" name="loginValidUser" duration-ms="1941" started-at="2020-06-18T18:02:45 EDT" finished-at="2020-06-18T18:02:47 EDT">
          <reporter-output>
          </reporter-output>
        </test-method> <!-- loginValidUser -->
        <test-method status="PASS" signature="getTestResult(org.testng.ITestResult)[pri:0, instance:tests.LoginTest@51c668e3]" name="getTestResult" is-config="true" duration-ms="396" started-at="2020-06-18T18:02:47 EDT" finished-at="2020-06-18T18:02:47 EDT">
          <params>
            <param index="0">
              <value>
                <![CDATA[[TestResult name=loginValidUser status=SUCCESS method=LoginTest.loginValidUser()[pri:0, instance:tests.LoginTest@51c668e3] output={null}]]]>
              </value>
            </param>
          </params>
          <reporter-output>
          </reporter-output>
        </test-method> <!-- getTestResult -->
        <test-method status="PASS" signature="quitAllBrowsers()[pri:0, instance:tests.LoginTest@51c668e3]" name="quitAllBrowsers" is-config="true" duration-ms="833" started-at="2020-06-18T18:02:47 EDT" finished-at="2020-06-18T18:02:48 EDT">
          <reporter-output>
          </reporter-output>
        </test-method> <!-- quitAllBrowsers -->
      </class> <!-- tests.LoginTest -->
    </test> <!-- Default test -->
  </suite> <!-- Default suite -->
</testng-results>
