<?xml version="1.0" encoding="UTF-8"?>
<testng-results skipped="0" failed="1" ignored="0" total="2" passed="1">
  <reporter-output>
  </reporter-output>
  <suite name="Default suite" duration-ms="30394" started-at="2020-04-30T16:18:25 EDT" finished-at="2020-04-30T16:18:55 EDT">
    <groups>
    </groups>
    <test name="Default test" duration-ms="30394" started-at="2020-04-30T16:18:25 EDT" finished-at="2020-04-30T16:18:55 EDT">
      <class name="com.expedia.TestCases.CreatingAccountTest">
        <test-method status="PASS" signature="extentReportSetup()[pri:0, instance:com.expedia.TestCases.CreatingAccountTest@2b48a640]" name="extentReportSetup" is-config="true" duration-ms="182" started-at="2020-04-30T16:18:25 EDT" finished-at="2020-04-30T16:18:25 EDT">
          <reporter-output>
          </reporter-output>
        </test-method> <!-- extentReportSetup -->
        <test-method status="PASS" signature="browserSetup()[pri:0, instance:com.expedia.TestCases.CreatingAccountTest@2b48a640]" name="browserSetup" is-config="true" duration-ms="10895" started-at="2020-04-30T16:18:25 EDT" finished-at="2020-04-30T16:18:36 EDT">
          <reporter-output>
          </reporter-output>
        </test-method> <!-- browserSetup -->
        <test-method status="PASS" signature="ExpediaTitleValidation()[pri:0, instance:com.expedia.TestCases.CreatingAccountTest@2b48a640]" name="ExpediaTitleValidation" duration-ms="1991" started-at="2020-04-30T16:18:36 EDT" finished-at="2020-04-30T16:18:38 EDT">
          <reporter-output>
          </reporter-output>
        </test-method> <!-- ExpediaTitleValidation -->
        <test-method status="PASS" signature="getResult(org.testng.ITestResult)[pri:0, instance:com.expedia.TestCases.CreatingAccountTest@2b48a640]" name="getResult" is-config="true" duration-ms="1542" started-at="2020-04-30T16:18:38 EDT" finished-at="2020-04-30T16:18:39 EDT">
          <params>
            <param index="0">
              <value>
                <![CDATA[[TestResult name=ExpediaTitleValidation status=SUCCESS method=CreatingAccountTest.ExpediaTitleValidation()[pri:0, instance:com.expedia.TestCases.CreatingAccountTest@2b48a640] output={null}]]]>
              </value>
            </param>
          </params>
          <reporter-output>
          </reporter-output>
        </test-method> <!-- getResult -->
        <test-method status="PASS" signature="browserSetup()[pri:0, instance:com.expedia.TestCases.CreatingAccountTest@2b48a640]" name="browserSetup" is-config="true" duration-ms="9047" started-at="2020-04-30T16:18:39 EDT" finished-at="2020-04-30T16:18:48 EDT">
          <reporter-output>
          </reporter-output>
        </test-method> <!-- browserSetup -->
        <test-method status="FAIL" signature="ValidateLogo()[pri:0, instance:com.expedia.TestCases.CreatingAccountTest@2b48a640]" name="ValidateLogo" duration-ms="3508" started-at="2020-04-30T16:18:48 EDT" finished-at="2020-04-30T16:18:52 EDT">
          <exception class="java.lang.AssertionError">
            <message>
              <![CDATA[expected [fail] but found [this]]]>
            </message>
            <full-stacktrace>
              <![CDATA[java.lang.AssertionError: expected [fail] but found [this]
at org.testng.Assert.fail(Assert.java:97)
at org.testng.Assert.assertEqualsImpl(Assert.java:136)
at org.testng.Assert.assertEquals(Assert.java:118)
at org.testng.Assert.assertEquals(Assert.java:575)
at org.testng.Assert.assertEquals(Assert.java:585)
at com.expedia.TestCases.CreatingAccountTest.ValidateLogo(CreatingAccountTest.java:76)
at sun.reflect.NativeMethodAccessorImpl.invoke0(Native Method)
at sun.reflect.NativeMethodAccessorImpl.invoke(NativeMethodAccessorImpl.java:62)
at sun.reflect.DelegatingMethodAccessorImpl.invoke(DelegatingMethodAccessorImpl.java:43)
at java.lang.reflect.Method.invoke(Method.java:498)
at org.testng.internal.MethodInvocationHelper.invokeMethod(MethodInvocationHelper.java:134)
at org.testng.internal.TestInvoker.invokeMethod(TestInvoker.java:597)
at org.testng.internal.TestInvoker.invokeTestMethod(TestInvoker.java:173)
at org.testng.internal.MethodRunner.runInSequence(MethodRunner.java:46)
at org.testng.internal.TestInvoker$MethodInvocationAgent.invoke(TestInvoker.java:816)
at org.testng.internal.TestInvoker.invokeTestMethods(TestInvoker.java:146)
at org.testng.internal.TestMethodWorker.invokeTestMethods(TestMethodWorker.java:146)
at org.testng.internal.TestMethodWorker.run(TestMethodWorker.java:128)
at java.util.ArrayList.forEach(ArrayList.java:1257)
at org.testng.TestRunner.privateRun(TestRunner.java:766)
at org.testng.TestRunner.run(TestRunner.java:587)
at org.testng.SuiteRunner.runTest(SuiteRunner.java:384)
at org.testng.SuiteRunner.runSequentially(SuiteRunner.java:378)
at org.testng.SuiteRunner.privateRun(SuiteRunner.java:337)
at org.testng.SuiteRunner.run(SuiteRunner.java:286)
at org.testng.SuiteRunnerWorker.runSuite(SuiteRunnerWorker.java:53)
at org.testng.SuiteRunnerWorker.run(SuiteRunnerWorker.java:96)
at org.testng.TestNG.runSuitesSequentially(TestNG.java:1187)
at org.testng.TestNG.runSuitesLocally(TestNG.java:1109)
at org.testng.TestNG.runSuites(TestNG.java:1039)
at org.testng.TestNG.run(TestNG.java:1007)
at org.testng.remote.AbstractRemoteTestNG.run(AbstractRemoteTestNG.java:115)
at org.testng.remote.RemoteTestNG.initAndRun(RemoteTestNG.java:251)
at org.testng.remote.RemoteTestNG.main(RemoteTestNG.java:77)
]]>
            </full-stacktrace>
          </exception> <!-- java.lang.AssertionError -->
          <reporter-output>
          </reporter-output>
        </test-method> <!-- ValidateLogo -->
        <test-method status="PASS" signature="getResult(org.testng.ITestResult)[pri:0, instance:com.expedia.TestCases.CreatingAccountTest@2b48a640]" name="getResult" is-config="true" duration-ms="2691" started-at="2020-04-30T16:18:52 EDT" finished-at="2020-04-30T16:18:55 EDT">
          <params>
            <param index="0">
              <value>
                <![CDATA[[TestResult name=ValidateLogo status=FAILURE method=CreatingAccountTest.ValidateLogo()[pri:0, instance:com.expedia.TestCases.CreatingAccountTest@2b48a640] output={null}]]]>
              </value>
            </param>
          </params>
          <reporter-output>
          </reporter-output>
        </test-method> <!-- getResult -->
        <test-method status="PASS" signature="endReport()[pri:0, instance:com.expedia.TestCases.CreatingAccountTest@2b48a640]" name="endReport" is-config="true" duration-ms="486" started-at="2020-04-30T16:18:55 EDT" finished-at="2020-04-30T16:18:55 EDT">
          <reporter-output>
          </reporter-output>
        </test-method> <!-- endReport -->
      </class> <!-- com.expedia.TestCases.CreatingAccountTest -->
    </test> <!-- Default test -->
  </suite> <!-- Default suite -->
</testng-results>
