<?xml version="1.0" encoding="UTF-8"?>
<testng-results skipped="0" failed="0" ignored="0" total="1" passed="1">
  <reporter-output>
  </reporter-output>
  <suite name="Default suite" duration-ms="10912" started-at="2020-05-26T18:12:47 EDT" finished-at="2020-05-26T18:12:57 EDT">
    <groups>
    </groups>
    <test name="Default test" duration-ms="10912" started-at="2020-05-26T18:12:47 EDT" finished-at="2020-05-26T18:12:57 EDT">
      <class name="com.expedia.tests.SignupTest">
        <test-method status="PASS" signature="extentReportSetup()[pri:0, instance:com.expedia.tests.SignupTest@209da20d]" name="extentReportSetup" is-config="true" duration-ms="132" started-at="2020-05-26T18:12:46 EDT" finished-at="2020-05-26T18:12:47 EDT">
          <reporter-output>
          </reporter-output>
        </test-method> <!-- extentReportSetup -->
        <test-method status="PASS" signature="beforeMethod()[pri:0, instance:com.expedia.tests.SignupTest@209da20d]" name="beforeMethod" is-config="true" duration-ms="10834" started-at="2020-05-26T18:12:47 EDT" finished-at="2020-05-26T18:12:57 EDT">
          <reporter-output>
          </reporter-output>
        </test-method> <!-- beforeMethod -->
        <test-method status="PASS" signature="beforeMethod(java.lang.reflect.Method)[pri:0, instance:com.expedia.tests.SignupTest@209da20d]" name="beforeMethod" is-config="true" duration-ms="4" started-at="2020-05-26T18:12:57 EDT" finished-at="2020-05-26T18:12:57 EDT">
          <params>
            <param index="0">
              <value>
                <![CDATA[public void com.expedia.tests.SignupTest.validateTitle()]]>
              </value>
            </param>
          </params>
          <reporter-output>
          </reporter-output>
        </test-method> <!-- beforeMethod -->
        <test-method status="PASS" signature="validateTitle()[pri:0, instance:com.expedia.tests.SignupTest@209da20d]" name="validateTitle" duration-ms="19" started-at="2020-05-26T18:12:57 EDT" finished-at="2020-05-26T18:12:57 EDT">
          <reporter-output>
          </reporter-output>
        </test-method> <!-- validateTitle -->
        <test-method status="PASS" signature="getResult(org.testng.ITestResult, java.lang.reflect.Method)[pri:0, instance:com.expedia.tests.SignupTest@209da20d]" name="getResult" is-config="true" duration-ms="6" started-at="2020-05-26T18:12:57 EDT" finished-at="2020-05-26T18:12:57 EDT">
          <params>
            <param index="0">
              <value>
                <![CDATA[[TestResult name=validateTitle status=SUCCESS method=SignupTest.validateTitle()[pri:0, instance:com.expedia.tests.SignupTest@209da20d] output={null}]]]>
              </value>
            </param>
            <param index="1">
              <value>
                <![CDATA[public void com.expedia.tests.SignupTest.validateTitle()]]>
              </value>
            </param>
          </params>
          <reporter-output>
          </reporter-output>
        </test-method> <!-- getResult -->
        <test-method status="PASS" signature="endReport()[pri:0, instance:com.expedia.tests.SignupTest@209da20d]" name="endReport" is-config="true" duration-ms="1493" started-at="2020-05-26T18:12:57 EDT" finished-at="2020-05-26T18:12:59 EDT">
          <reporter-output>
          </reporter-output>
        </test-method> <!-- endReport -->
      </class> <!-- com.expedia.tests.SignupTest -->
    </test> <!-- Default test -->
  </suite> <!-- Default suite -->
</testng-results>
