<?xml version="1.0" encoding="UTF-8"?>
<testng-results skipped="0" failed="0" ignored="0" total="1" passed="1">
  <reporter-output>
  </reporter-output>
  <suite name="Default suite" duration-ms="10966" started-at="2020-04-23T18:18:28 EDT" finished-at="2020-04-23T18:18:39 EDT">
    <groups>
    </groups>
    <test name="Default test" duration-ms="10966" started-at="2020-04-23T18:18:28 EDT" finished-at="2020-04-23T18:18:39 EDT">
      <class name="com.expedia.TestCases.CreatingAccountTest">
        <test-method status="PASS" signature="extentReportSetup()[pri:0, instance:com.expedia.TestCases.CreatingAccountTest@49dc7102]" name="extentReportSetup" is-config="true" duration-ms="161" started-at="2020-04-23T18:18:28 EDT" finished-at="2020-04-23T18:18:28 EDT">
          <reporter-output>
          </reporter-output>
        </test-method> <!-- extentReportSetup -->
        <test-method status="PASS" signature="browserSetup()[pri:0, instance:com.expedia.TestCases.CreatingAccountTest@49dc7102]" name="browserSetup" is-config="true" duration-ms="8341" started-at="2020-04-23T18:18:28 EDT" finished-at="2020-04-23T18:18:36 EDT">
          <reporter-output>
          </reporter-output>
        </test-method> <!-- browserSetup -->
        <test-method status="PASS" signature="ExpediaTitleValidation()[pri:0, instance:com.expedia.TestCases.CreatingAccountTest@49dc7102]" name="ExpediaTitleValidation" duration-ms="820" started-at="2020-04-23T18:18:36 EDT" finished-at="2020-04-23T18:18:37 EDT">
          <reporter-output>
          </reporter-output>
        </test-method> <!-- ExpediaTitleValidation -->
        <test-method status="PASS" signature="getResult(org.testng.ITestResult)[pri:0, instance:com.expedia.TestCases.CreatingAccountTest@49dc7102]" name="getResult" is-config="true" duration-ms="1268" started-at="2020-04-23T18:18:37 EDT" finished-at="2020-04-23T18:18:38 EDT">
          <params>
            <param index="0">
              <value>
                <![CDATA[[TestResult name=ExpediaTitleValidation status=SUCCESS method=CreatingAccountTest.ExpediaTitleValidation()[pri:0, instance:com.expedia.TestCases.CreatingAccountTest@49dc7102] output={null}]]]>
              </value>
            </param>
          </params>
          <reporter-output>
          </reporter-output>
        </test-method> <!-- getResult -->
        <test-method status="PASS" signature="endReport()[pri:0, instance:com.expedia.TestCases.CreatingAccountTest@49dc7102]" name="endReport" is-config="true" duration-ms="335" started-at="2020-04-23T18:18:38 EDT" finished-at="2020-04-23T18:18:39 EDT">
          <reporter-output>
          </reporter-output>
        </test-method> <!-- endReport -->
      </class> <!-- com.expedia.TestCases.CreatingAccountTest -->
    </test> <!-- Default test -->
  </suite> <!-- Default suite -->
</testng-results>
